[2021-03-28T13:43:05.058] [DEBUG] cheese - Url {
  protocol: 'https:',
  slashes: true,
  auth: null,
  host: 'www.baidu.com:443',
  port: '443',
  hostname: 'www.baidu.com',
  hash: '#tag=3',
  search: '?id=2',
  query: 'id=2',
  pathname: '/path/index.html',
  path: '/path/index.html?id=2',
  href: 'https://www.baidu.com:443/path/index.html?id=2#tag=3'
}
[2021-03-28T13:53:22.465] [DEBUG] cheese - Url {
  protocol: 'https:',
  slashes: true,
  auth: null,
  host: 'www.baidu.com:443',
  port: '443',
  hostname: 'www.baidu.com',
  hash: '#tag=3',
  search: '?id=2',
  query: 'id=2',
  pathname: '/path/index.html',
  path: '/path/index.html?id=2',
  href: 'https://www.baidu.com:443/path/index.html?id=2#tag=3'
}
[2021-03-28T13:53:22.469] [DEBUG] cheese - https://www.baidu.com:443/path/index.html?id=2#tag=3
